<?xml version="1.0" encoding="UTF-8"?>
<!-- Generated by org.testng.reporters.JUnitXMLReporter -->
<testsuite ignored="0" hostname="UDESHS" failures="0" tests="3" name="Default test" time="0.768" errors="0" timestamp="2022-11-24T15:48:31 IST">
  <testcase classname="Test01_verifyName" name="verifyName" time="0.514"/>
  <testcase classname="Test01_verifyName" name="verifyCanRelist" time="0.027"/>
  <testcase classname="Test01_verifyName" name="verifyPromotion" time="0.194"/>
</testsuite> <!-- Default test -->
