<?xml version="1.0" encoding="UTF-8"?>
<testng-results ignored="0" total="3" passed="3" failed="0" skipped="0">
  <reporter-output>
  </reporter-output>
  <suite started-at="2022-11-24T15:48:48 IST" name="Test01_verifyName" finished-at="2022-11-24T15:48:49 IST" duration-ms="978">
    <groups>
    </groups>
    <test started-at="2022-11-24T15:48:48 IST" name="Command line test" finished-at="2022-11-24T15:48:49 IST" duration-ms="978">
      <class name="Test01_verifyName">
        <test-method signature="verifyName()[pri:1, instance:Test01_verifyName@38792286]" started-at="2022-11-24T15:48:49 IST" name="verifyName" finished-at="2022-11-24T15:48:49 IST" duration-ms="604" status="PASS">
          <reporter-output>
          </reporter-output>
        </test-method> <!-- verifyName -->
        <test-method signature="verifyCanRelist()[pri:2, instance:Test01_verifyName@38792286]" started-at="2022-11-24T15:48:49 IST" name="verifyCanRelist" finished-at="2022-11-24T15:48:49 IST" duration-ms="35" status="PASS">
          <reporter-output>
          </reporter-output>
        </test-method> <!-- verifyCanRelist -->
        <test-method signature="verifyPromotion()[pri:3, instance:Test01_verifyName@38792286]" started-at="2022-11-24T15:48:49 IST" name="verifyPromotion" finished-at="2022-11-24T15:48:49 IST" duration-ms="294" status="PASS">
          <reporter-output>
          </reporter-output>
        </test-method> <!-- verifyPromotion -->
      </class> <!-- Test01_verifyName -->
    </test> <!-- Command line test -->
  </suite> <!-- Test01_verifyName -->
</testng-results>
