<?xml version="1.0" encoding="UTF-8"?>
<testng-results ignored="0" total="3" passed="3" failed="0" skipped="0">
  <reporter-output>
  </reporter-output>
  <suite started-at="2022-11-24T15:48:30 IST" name="Default suite" finished-at="2022-11-24T15:48:31 IST" duration-ms="768">
    <groups>
    </groups>
    <test started-at="2022-11-24T15:48:30 IST" name="Default test" finished-at="2022-11-24T15:48:31 IST" duration-ms="768">
      <class name="Test01_verifyName">
        <test-method signature="verifyName()[pri:1, instance:Test01_verifyName@671d1157]" started-at="2022-11-24T15:48:30 IST" name="verifyName" finished-at="2022-11-24T15:48:31 IST" duration-ms="514" status="PASS">
          <reporter-output>
          </reporter-output>
        </test-method> <!-- verifyName -->
        <test-method signature="verifyCanRelist()[pri:2, instance:Test01_verifyName@671d1157]" started-at="2022-11-24T15:48:31 IST" name="verifyCanRelist" finished-at="2022-11-24T15:48:31 IST" duration-ms="27" status="PASS">
          <reporter-output>
          </reporter-output>
        </test-method> <!-- verifyCanRelist -->
        <test-method signature="verifyPromotion()[pri:3, instance:Test01_verifyName@671d1157]" started-at="2022-11-24T15:48:31 IST" name="verifyPromotion" finished-at="2022-11-24T15:48:31 IST" duration-ms="194" status="PASS">
          <reporter-output>
          </reporter-output>
        </test-method> <!-- verifyPromotion -->
      </class> <!-- Test01_verifyName -->
    </test> <!-- Default test -->
  </suite> <!-- Default suite -->
</testng-results>
