<?xml version="1.0" encoding="UTF-8"?>
<!-- Generated by org.testng.reporters.JUnitXMLReporter -->
<testsuite ignored="0" hostname="UDESHS" failures="0" tests="3" name="Command line test" time="0.978" errors="0" timestamp="2022-11-24T15:48:49 IST">
  <testcase classname="Test01_verifyName" name="verifyName" time="0.604"/>
  <testcase classname="Test01_verifyName" name="verifyCanRelist" time="0.035"/>
  <testcase classname="Test01_verifyName" name="verifyPromotion" time="0.294"/>
</testsuite> <!-- Command line test -->
